2024-07-09T15:27:55.878Z [[31merror[39m]: Cannot read properties of undefined (reading 'isBlacklisted')
2024-07-09T15:44:14.786Z [[31merror[39m]: connect ECONNREFUSED 127.0.0.1:3306
2024-07-09T15:45:41.546Z [[31merror[39m]: Undefined binding(s) detected when compiling WHERE. Undefined column(s): [email] query: where `email` = ?
2024-07-09T15:46:45.669Z [[31merror[39m]: Undefined binding(s) detected when compiling WHERE. Undefined column(s): [email] query: where `email` = ?
2024-07-09T15:47:56.128Z [[31merror[39m]: 401****User already exists
2024-07-09T15:48:40.557Z [[31merror[39m]: 401****Sorry, you are Karma blacklisted
2024-07-09T17:36:13.067Z [[31merror[39m]: (0 , _db.default) is not a function
2024-07-09T17:42:05.302Z [[31merror[39m]: (0 , _db.default) is not a function
2024-07-09T17:45:02.958Z [[31merror[39m]: (0 , _db.default)(...).where is not a function
2024-07-09T17:48:37.904Z [[31merror[39m]: (0 , _db.default)(...).where is not a function
2024-07-09T17:53:47.205Z [[31merror[39m]: 401****User already exists
2024-07-09T17:55:35.506Z [[31merror[39m]: 401****Sorry, you are Karma blacklisted
2024-07-09T18:18:19.212Z [[31merror[39m]: 401****Sorry, you are Karma blacklisted
2024-07-09T18:19:01.505Z [[31merror[39m]: 401****Sorry, you are Karma blacklisted
2024-07-09T18:20:48.324Z [[31merror[39m]: 401****Sorry, you are Karma blacklisted
2024-07-09T18:24:11.360Z [[31merror[39m]: 401****Sorry, you are Karma blacklisted
2024-07-09T18:25:13.047Z [[31merror[39m]: 401****Sorry, you are Karma blacklisted
2024-07-09T18:26:39.911Z [[31merror[39m]: 401****Sorry, you are Karma blacklisted
2024-07-09T18:29:45.858Z [[31merror[39m]: 401****Sorry, you are Karma blacklisted
2024-07-09T18:32:00.077Z [[31merror[39m]: 401****Sorry, you are Karma blacklisted
2024-07-09T18:32:54.387Z [[31merror[39m]: 401****Sorry, you are Karma blacklisted
2024-07-09T18:34:39.369Z [[31merror[39m]: 401****Sorry, you are Karma blacklisted
2024-07-09T18:36:59.299Z [[31merror[39m]: 401****Sorry, you are Karma blacklisted
2024-07-09T18:36:59.303Z [[31merror[39m]: 401****Sorry, you are Karma blacklisted
2024-07-09T18:37:33.824Z [[31merror[39m]: 401****Sorry, you are Karma blacklisted
2024-07-09T18:37:33.828Z [[31merror[39m]: 401****User already exists
2024-07-09T19:02:27.305Z [[31merror[39m]: 401****Sorry, you are Karma blacklisted
2024-07-09T19:02:27.309Z [[31merror[39m]: 401****User already exists
2024-07-09T19:02:29.613Z [[31merror[39m]: 401****User already exists
2024-07-09T19:03:28.977Z [[31merror[39m]: 401****Sorry, you are Karma blacklisted
2024-07-09T19:03:28.980Z [[31merror[39m]: 401****User already exists
2024-07-09T19:03:29.000Z [[31merror[39m]: Error comparing passwords
2024-07-09T19:05:52.539Z [[31merror[39m]: 401****Sorry, you are Karma blacklisted
2024-07-09T19:05:52.543Z [[31merror[39m]: 401****User already exists
2024-07-09T19:05:52.565Z [[31merror[39m]: Error comparing passwords
2024-07-09T19:07:03.825Z [[31merror[39m]: 401****Sorry, you are Karma blacklisted
2024-07-09T19:07:03.829Z [[31merror[39m]: 401****User already exists
2024-07-09T19:07:03.850Z [[31merror[39m]: Error comparing passwords
2024-07-09T19:09:09.810Z [[31merror[39m]: 401****Sorry, you are Karma blacklisted
2024-07-09T19:09:09.812Z [[31merror[39m]: 401****User already exists
2024-07-09T19:09:09.835Z [[31merror[39m]: Error comparing passwords
2024-07-09T19:11:08.532Z [[31merror[39m]: 401****Sorry, you are Karma blacklisted
2024-07-09T19:11:08.535Z [[31merror[39m]: 401****User already exists
2024-07-09T19:12:34.280Z [[31merror[39m]: 401****Sorry, you are Karma blacklisted
2024-07-09T19:12:34.284Z [[31merror[39m]: 401****User already exists
2024-07-09T19:17:34.138Z [[31merror[39m]: 401****Sorry, you are Karma blacklisted
2024-07-09T19:17:34.141Z [[31merror[39m]: 401****User already exists
2024-07-09T19:17:34.393Z [[31merror[39m]: Invalid password
2024-07-09T19:17:34.396Z [[31merror[39m]: User not found
2024-07-09T19:33:23.128Z [[31merror[39m]: 401****Sorry, you are Karma blacklisted
2024-07-09T19:33:23.134Z [[31merror[39m]: 401****User already exists
2024-07-09T19:33:23.351Z [[31merror[39m]: Invalid password
2024-07-09T19:33:23.353Z [[31merror[39m]: User not found
2024-07-09T19:34:06.066Z [[31merror[39m]: User with invalid initial amount
2024-07-09T19:34:06.315Z [[31merror[39m]: 401****Sorry, you are Karma blacklisted
2024-07-09T19:34:06.322Z [[31merror[39m]: 401****User already exists
2024-07-09T19:34:06.540Z [[31merror[39m]: Invalid password
2024-07-09T19:34:06.541Z [[31merror[39m]: User not found
2024-07-09T19:36:13.090Z [[31merror[39m]: User with invalid initial amount
2024-07-09T19:36:13.325Z [[31merror[39m]: 401****Sorry, you are Karma blacklisted
2024-07-09T19:36:13.331Z [[31merror[39m]: 401****User already exists
2024-07-09T19:36:13.555Z [[31merror[39m]: Invalid password
2024-07-09T19:36:13.556Z [[31merror[39m]: User not found
2024-07-09T19:37:22.434Z [[31merror[39m]: 401****Sorry, you are Karma blacklisted
2024-07-09T19:37:22.442Z [[31merror[39m]: 401****User already exists
2024-07-09T19:37:22.686Z [[31merror[39m]: Invalid password
2024-07-09T19:37:22.688Z [[31merror[39m]: User not found
2024-07-09T19:38:02.441Z [[31merror[39m]: 401****Sorry, you are Karma blacklisted
2024-07-09T19:38:02.448Z [[31merror[39m]: 401****User already exists
2024-07-09T19:38:02.672Z [[31merror[39m]: Invalid password
2024-07-09T19:38:02.673Z [[31merror[39m]: User not found
2024-07-09T19:41:17.696Z [[31merror[39m]: User with invalid initial amount
2024-07-09T19:41:17.949Z [[31merror[39m]: 401****Sorry, you are Karma blacklisted
2024-07-09T19:41:17.956Z [[31merror[39m]: 401****User already exists
2024-07-09T19:41:18.185Z [[31merror[39m]: Invalid password
2024-07-09T19:41:18.186Z [[31merror[39m]: User not found
2024-07-09T19:53:14.399Z [[31merror[39m]: User with invalid initial amount
2024-07-09T19:53:14.406Z [[31merror[39m]: User with invalid initial amount
2024-07-09T19:53:14.415Z [[31merror[39m]: User with invalid initial amount
2024-07-09T19:53:14.420Z [[31merror[39m]: Cannot destructure property 'amount' of '(intermediate value)' as it is undefined.
2024-07-09T19:53:14.421Z [[31merror[39m]: User with invalid initial amount
2024-07-09T19:53:14.687Z [[31merror[39m]: 401****Sorry, you are Karma blacklisted
2024-07-09T19:53:14.694Z [[31merror[39m]: 401****User already exists
2024-07-09T19:53:14.914Z [[31merror[39m]: Invalid password
2024-07-09T19:53:14.915Z [[31merror[39m]: User not found
2024-07-09T19:54:18.911Z [[31merror[39m]: User with invalid initial amount
2024-07-09T19:54:18.924Z [[31merror[39m]: Cannot destructure property 'amount' of '(intermediate value)' as it is undefined.
2024-07-09T19:54:18.933Z [[31merror[39m]: user does not exist
2024-07-09T19:54:19.134Z [[31merror[39m]: 401****Sorry, you are Karma blacklisted
2024-07-09T19:54:19.141Z [[31merror[39m]: 401****User already exists
2024-07-09T19:54:19.361Z [[31merror[39m]: Invalid password
2024-07-09T19:54:19.362Z [[31merror[39m]: User not found
2024-07-09T19:57:46.340Z [[31merror[39m]: User with invalid initial amount
2024-07-09T19:57:46.353Z [[31merror[39m]: Cannot destructure property 'amount' of '(intermediate value)' as it is undefined.
2024-07-09T19:57:46.364Z [[31merror[39m]: user does not exist
2024-07-09T19:57:46.571Z [[31merror[39m]: 401****Sorry, you are Karma blacklisted
2024-07-09T19:57:46.577Z [[31merror[39m]: 401****User already exists
2024-07-09T19:57:46.798Z [[31merror[39m]: Invalid password
2024-07-09T19:57:46.799Z [[31merror[39m]: User not found
2024-07-09T20:00:42.487Z [[31merror[39m]: User with invalid initial amount
2024-07-09T20:00:42.498Z [[31merror[39m]: Not applicable. Try using fund my account module
2024-07-09T20:00:42.501Z [[31merror[39m]: user does not exist
2024-07-09T20:00:42.719Z [[31merror[39m]: 401****Sorry, you are Karma blacklisted
2024-07-09T20:00:42.725Z [[31merror[39m]: 401****User already exists
2024-07-09T20:00:42.944Z [[31merror[39m]: Invalid password
2024-07-09T20:00:42.945Z [[31merror[39m]: User not found
2024-07-09T20:02:19.867Z [[31merror[39m]: User with invalid initial amount
2024-07-09T20:02:19.879Z [[31merror[39m]: Not applicable. Try using fund my account module
2024-07-09T20:02:19.881Z [[31merror[39m]: user does not exist
2024-07-09T20:02:20.093Z [[31merror[39m]: 401****Sorry, you are Karma blacklisted
2024-07-09T20:02:20.100Z [[31merror[39m]: 401****User already exists
2024-07-09T20:02:20.319Z [[31merror[39m]: Invalid password
2024-07-09T20:02:20.320Z [[31merror[39m]: User not found
2024-07-09T20:04:00.202Z [[31merror[39m]: User with invalid initial amount
2024-07-09T20:04:00.213Z [[31merror[39m]: Not applicable. Try using fund my account module
2024-07-09T20:04:00.215Z [[31merror[39m]: user does not exist
2024-07-09T20:04:00.443Z [[31merror[39m]: 401****Sorry, you are Karma blacklisted
2024-07-09T20:04:00.449Z [[31merror[39m]: 401****User already exists
2024-07-09T20:04:00.672Z [[31merror[39m]: Invalid password
2024-07-09T20:04:00.673Z [[31merror[39m]: User not found
2024-07-09T20:09:05.538Z [[31merror[39m]: User with invalid initial amount
2024-07-09T20:09:05.544Z [[31merror[39m]: Not applicable. Try using fund my account module
2024-07-09T20:09:05.546Z [[31merror[39m]: user does not exist
2024-07-09T20:09:05.548Z [[31merror[39m]: Cannot read properties of undefined (reading 'userId')
2024-07-09T20:09:05.557Z [[31merror[39m]: Cannot read properties of undefined (reading 'userId')
2024-07-09T20:09:05.761Z [[31merror[39m]: 401****Sorry, you are Karma blacklisted
2024-07-09T20:09:05.768Z [[31merror[39m]: 401****User already exists
2024-07-09T20:09:05.988Z [[31merror[39m]: Invalid password
2024-07-09T20:09:05.989Z [[31merror[39m]: User not found
2024-07-09T20:10:19.504Z [[31merror[39m]: User with invalid initial amount
2024-07-09T20:10:19.513Z [[31merror[39m]: Not applicable. Try using fund my account module
2024-07-09T20:10:19.515Z [[31merror[39m]: user does not exist
2024-07-09T20:10:19.516Z [[31merror[39m]: Insufficient amount to withdraw
2024-07-09T20:10:19.708Z [[31merror[39m]: 401****Sorry, you are Karma blacklisted
2024-07-09T20:10:19.716Z [[31merror[39m]: 401****User already exists
2024-07-09T20:10:19.937Z [[31merror[39m]: Invalid password
2024-07-09T20:10:19.938Z [[31merror[39m]: User not found
2024-07-09T20:11:39.791Z [[31merror[39m]: User with invalid initial amount
2024-07-09T20:11:39.797Z [[31merror[39m]: Not applicable. Try using fund my account module
2024-07-09T20:11:39.799Z [[31merror[39m]: user does not exist
2024-07-09T20:11:39.801Z [[31merror[39m]: Insufficient amount to withdraw
2024-07-09T20:11:39.993Z [[31merror[39m]: 401****Sorry, you are Karma blacklisted
2024-07-09T20:11:39.999Z [[31merror[39m]: 401****User already exists
2024-07-09T20:11:40.218Z [[31merror[39m]: Invalid password
2024-07-09T20:11:40.219Z [[31merror[39m]: User not found
2024-07-09T20:13:44.779Z [[31merror[39m]: User with invalid initial amount
2024-07-09T20:13:44.786Z [[31merror[39m]: Not applicable. Try using fund my account module
2024-07-09T20:13:44.788Z [[31merror[39m]: user does not exist
2024-07-09T20:13:44.791Z [[31merror[39m]: Insufficient amount to withdraw
2024-07-09T20:13:45.112Z [[31merror[39m]: 401****Sorry, you are Karma blacklisted
2024-07-09T20:13:45.119Z [[31merror[39m]: 401****User already exists
2024-07-09T20:13:45.339Z [[31merror[39m]: Invalid password
2024-07-09T20:13:45.341Z [[31merror[39m]: User not found
